<?xml version="1.0" encoding="UTF-8"?>
<coverage generated="1665010196630" clover="3.2.0">
  <project timestamp="1665010196630" name="All files">
    <metrics statements="112" coveredstatements="112" conditionals="16" coveredconditionals="16" methods="49" coveredmethods="48" elements="177" coveredelements="176" complexity="0" loc="112" ncloc="112" packages="5" files="10" classes="10"/>
    <package name="src">
      <metrics statements="1" coveredstatements="1" conditionals="0" coveredconditionals="0" methods="1" coveredmethods="1"/>
      <file name="App.js" path="/home/victoria/Projetos/sd-024-a-project-trybewallet/src/App.js">
        <metrics statements="1" coveredstatements="1" conditionals="0" coveredconditionals="0" methods="1" coveredmethods="1"/>
        <line num="10" count="5" type="stmt"/>
      </file>
    </package>
    <package name="src.components">
      <metrics statements="52" coveredstatements="52" conditionals="2" coveredconditionals="2" methods="25" coveredmethods="25"/>
      <file name="Header.js" path="/home/victoria/Projetos/sd-024-a-project-trybewallet/src/components/Header.js">
        <metrics statements="7" coveredstatements="7" conditionals="0" coveredconditionals="0" methods="4" coveredmethods="4"/>
        <line num="7" count="10" type="stmt"/>
        <line num="9" count="10" type="stmt"/>
        <line num="26" count="10" type="stmt"/>
        <line num="31" count="3" type="stmt"/>
        <line num="32" count="3" type="stmt"/>
        <line num="51" count="13" type="stmt"/>
        <line num="56" count="2" type="stmt"/>
      </file>
      <file name="Table.js" path="/home/victoria/Projetos/sd-024-a-project-trybewallet/src/components/Table.js">
        <metrics statements="15" coveredstatements="15" conditionals="0" coveredconditionals="0" methods="7" coveredmethods="7"/>
        <line num="7" count="6" type="stmt"/>
        <line num="8" count="1" type="stmt"/>
        <line num="9" count="1" type="stmt"/>
        <line num="12" count="6" type="stmt"/>
        <line num="13" count="1" type="stmt"/>
        <line num="14" count="1" type="stmt"/>
        <line num="18" count="10" type="stmt"/>
        <line num="20" count="10" type="stmt"/>
        <line num="38" count="10" type="stmt"/>
        <line num="55" count="10" type="stmt"/>
        <line num="73" count="3" type="stmt"/>
        <line num="93" count="1" type="stmt"/>
        <line num="101" count="1" type="stmt"/>
        <line num="115" count="13" type="stmt"/>
        <line num="119" count="2" type="stmt"/>
      </file>
      <file name="WalletForm.js" path="/home/victoria/Projetos/sd-024-a-project-trybewallet/src/components/WalletForm.js">
        <metrics statements="30" coveredstatements="30" conditionals="2" coveredconditionals="2" methods="14" coveredmethods="14"/>
        <line num="7" count="6" type="stmt"/>
        <line num="16" count="6" type="stmt"/>
        <line num="17" count="6" type="stmt"/>
        <line num="20" count="6" type="stmt"/>
        <line num="21" count="71" type="stmt"/>
        <line num="24" count="6" type="stmt"/>
        <line num="25" count="1" type="stmt"/>
        <line num="26" count="1" type="stmt"/>
        <line num="27" count="1" type="stmt"/>
        <line num="28" count="1" type="stmt"/>
        <line num="37" count="1" type="stmt"/>
        <line num="40" count="6" type="stmt"/>
        <line num="41" count="4" type="stmt"/>
        <line num="42" count="4" type="stmt"/>
        <line num="43" count="4" type="stmt"/>
        <line num="44" count="4" type="stmt"/>
        <line num="52" count="4" type="stmt"/>
        <line num="53" count="4" type="stmt"/>
        <line num="63" count="88" type="stmt"/>
        <line num="64" count="88" type="stmt"/>
        <line num="65" count="88" type="stmt"/>
        <line num="78" count="17" type="stmt"/>
        <line num="90" count="47" type="stmt"/>
        <line num="97" count="3" type="stmt"/>
        <line num="104" count="1230" type="stmt"/>
        <line num="119" count="2" type="stmt"/>
        <line num="149" count="2" type="stmt"/>
        <line num="188" count="1" type="stmt"/>
        <line num="208" count="13" type="stmt"/>
        <line num="215" count="2" type="stmt"/>
      </file>
    </package>
    <package name="src.pages">
      <metrics statements="22" coveredstatements="22" conditionals="4" coveredconditionals="4" methods="6" coveredmethods="6"/>
      <file name="Login.js" path="/home/victoria/Projetos/sd-024-a-project-trybewallet/src/pages/Login.js">
        <metrics statements="20" coveredstatements="20" conditionals="4" coveredconditionals="4" methods="5" coveredmethods="5"/>
        <line num="9" count="5" type="stmt"/>
        <line num="15" count="5" type="stmt"/>
        <line num="16" count="1" type="stmt"/>
        <line num="17" count="1" type="stmt"/>
        <line num="18" count="1" type="stmt"/>
        <line num="19" count="1" type="stmt"/>
        <line num="22" count="5" type="stmt"/>
        <line num="23" count="27" type="stmt"/>
        <line num="24" count="27" type="stmt"/>
        <line num="25" count="27" type="stmt"/>
        <line num="26" count="27" type="stmt"/>
        <line num="27" count="27" type="cond" truecount="4" falsecount="0"/>
        <line num="28" count="7" type="stmt"/>
        <line num="29" count="20" type="stmt"/>
        <line num="33" count="32" type="stmt"/>
        <line num="35" count="32" type="stmt"/>
        <line num="52" count="32" type="stmt"/>
        <line num="70" count="15" type="stmt"/>
        <line num="78" count="12" type="stmt"/>
        <line num="93" count="1" type="stmt"/>
      </file>
      <file name="Wallet.js" path="/home/victoria/Projetos/sd-024-a-project-trybewallet/src/pages/Wallet.js">
        <metrics statements="2" coveredstatements="2" conditionals="0" coveredconditionals="0" methods="1" coveredmethods="1"/>
        <line num="12" count="6" type="stmt"/>
        <line num="28" count="6" type="stmt"/>
      </file>
    </package>
    <package name="src.redux.actions">
      <metrics statements="19" coveredstatements="19" conditionals="0" coveredconditionals="0" methods="11" coveredmethods="11"/>
      <file name="index.js" path="/home/victoria/Projetos/sd-024-a-project-trybewallet/src/redux/actions/index.js">
        <metrics statements="19" coveredstatements="19" conditionals="0" coveredconditionals="0" methods="11" coveredmethods="11"/>
        <line num="1" count="2" type="stmt"/>
        <line num="6" count="2" type="stmt"/>
        <line num="11" count="5" type="stmt"/>
        <line num="16" count="2" type="stmt"/>
        <line num="21" count="2" type="stmt"/>
        <line num="26" count="2" type="stmt"/>
        <line num="31" count="6" type="stmt"/>
        <line num="32" count="6" type="stmt"/>
        <line num="33" count="6" type="stmt"/>
        <line num="34" count="5" type="stmt"/>
        <line num="35" count="5" type="stmt"/>
        <line num="36" count="80" type="stmt"/>
        <line num="37" count="5" type="stmt"/>
        <line num="40" count="4" type="stmt"/>
        <line num="41" count="4" type="stmt"/>
        <line num="42" count="4" type="stmt"/>
        <line num="43" count="3" type="stmt"/>
        <line num="44" count="2" type="stmt"/>
        <line num="45" count="2" type="stmt"/>
      </file>
    </package>
    <package name="src.redux.reducers">
      <metrics statements="18" coveredstatements="18" conditionals="10" coveredconditionals="10" methods="6" coveredmethods="5"/>
      <file name="index.js" path="/home/victoria/Projetos/sd-024-a-project-trybewallet/src/redux/reducers/index.js">
        <metrics statements="1" coveredstatements="1" conditionals="0" coveredconditionals="0" methods="0" coveredmethods="0"/>
        <line num="9" count="2" type="stmt"/>
      </file>
      <file name="user.js" path="/home/victoria/Projetos/sd-024-a-project-trybewallet/src/redux/reducers/user.js">
        <metrics statements="5" coveredstatements="5" conditionals="3" coveredconditionals="3" methods="1" coveredmethods="1"/>
        <line num="3" count="2" type="stmt"/>
        <line num="7" count="2" type="cond" truecount="1" falsecount="0"/>
        <line num="8" count="25" type="cond" truecount="2" falsecount="0"/>
        <line num="10" count="1" type="stmt"/>
        <line num="15" count="24" type="stmt"/>
      </file>
      <file name="wallet.js" path="/home/victoria/Projetos/sd-024-a-project-trybewallet/src/redux/reducers/wallet.js">
        <metrics statements="12" coveredstatements="12" conditionals="7" coveredconditionals="7" methods="5" coveredmethods="4"/>
        <line num="3" count="2" type="stmt"/>
        <line num="10" count="2" type="stmt"/>
        <line num="12" count="2" type="cond" truecount="1" falsecount="0"/>
        <line num="13" count="25" type="cond" truecount="6" falsecount="0"/>
        <line num="15" count="2" type="stmt"/>
        <line num="20" count="1" type="stmt"/>
        <line num="22" count="1" type="stmt"/>
        <line num="25" count="1" type="stmt"/>
        <line num="31" count="1" type="stmt"/>
        <line num="36" count="1" type="stmt"/>
        <line num="40" count="5" type="stmt"/>
        <line num="45" count="15" type="stmt"/>
      </file>
    </package>
  </project>
</coverage>
