TN:
SF:src/App.js
FN:9,(anonymous_0)
FNF:1
FNH:1
FNDA:5,(anonymous_0)
DA:10,5
LF:1
LH:1
BRF:0
BRH:0
end_of_record
TN:
SF:src/components/Header.js
FN:6,(anonymous_0)
FN:31,(anonymous_1)
FN:32,(anonymous_2)
FN:51,(anonymous_3)
FNF:4
FNH:4
FNDA:10,(anonymous_0)
FNDA:3,(anonymous_1)
FNDA:3,(anonymous_2)
FNDA:13,(anonymous_3)
DA:7,10
DA:9,10
DA:26,10
DA:31,3
DA:32,3
DA:51,13
DA:56,2
LF:7
LH:7
BRF:0
BRH:0
end_of_record
TN:
SF:src/components/Table.js
FN:7,(anonymous_0)
FN:12,(anonymous_1)
FN:17,(anonymous_2)
FN:72,(anonymous_3)
FN:93,(anonymous_4)
FN:101,(anonymous_5)
FN:115,(anonymous_6)
FNF:7
FNH:7
FNDA:1,(anonymous_0)
FNDA:1,(anonymous_1)
FNDA:10,(anonymous_2)
FNDA:3,(anonymous_3)
FNDA:1,(anonymous_4)
FNDA:1,(anonymous_5)
FNDA:13,(anonymous_6)
DA:7,6
DA:8,1
DA:9,1
DA:12,6
DA:13,1
DA:14,1
DA:18,10
DA:20,10
DA:38,10
DA:55,10
DA:73,3
DA:93,1
DA:101,1
DA:115,13
DA:119,2
LF:15
LH:15
BRF:0
BRH:0
end_of_record
TN:
SF:src/components/WalletForm.js
FN:15,(anonymous_0)
FN:20,(anonymous_1)
FN:24,(anonymous_2)
FN:27,(anonymous_3)
FN:40,(anonymous_4)
FN:62,(anonymous_5)
FN:78,(anonymous_6)
FN:90,(anonymous_7)
FN:97,(anonymous_8)
FN:103,(anonymous_9)
FN:119,(anonymous_10)
FN:149,(anonymous_11)
FN:188,(anonymous_12)
FN:208,(anonymous_13)
FNF:14
FNH:14
FNDA:6,(anonymous_0)
FNDA:71,(anonymous_1)
FNDA:1,(anonymous_2)
FNDA:1,(anonymous_3)
FNDA:4,(anonymous_4)
FNDA:88,(anonymous_5)
FNDA:17,(anonymous_6)
FNDA:47,(anonymous_7)
FNDA:3,(anonymous_8)
FNDA:1230,(anonymous_9)
FNDA:2,(anonymous_10)
FNDA:2,(anonymous_11)
FNDA:1,(anonymous_12)
FNDA:13,(anonymous_13)
DA:7,6
DA:16,6
DA:17,6
DA:20,6
DA:21,71
DA:24,6
DA:25,1
DA:26,1
DA:27,1
DA:28,1
DA:37,1
DA:40,6
DA:41,4
DA:42,4
DA:43,4
DA:44,4
DA:52,4
DA:53,4
DA:63,88
DA:64,88
DA:65,88
DA:78,17
DA:90,47
DA:97,3
DA:104,1230
DA:119,2
DA:149,2
DA:188,1
DA:208,13
DA:215,2
LF:30
LH:30
BRDA:184,0,0,19
BRDA:184,0,1,69
BRF:2
BRH:2
end_of_record
TN:
SF:src/pages/Login.js
FN:15,(anonymous_0)
FN:22,(anonymous_1)
FN:32,(anonymous_2)
FN:70,(anonymous_3)
FN:78,(anonymous_4)
FNF:5
FNH:5
FNDA:1,(anonymous_0)
FNDA:27,(anonymous_1)
FNDA:32,(anonymous_2)
FNDA:15,(anonymous_3)
FNDA:12,(anonymous_4)
DA:9,5
DA:15,5
DA:16,1
DA:17,1
DA:18,1
DA:19,1
DA:22,5
DA:23,27
DA:24,27
DA:25,27
DA:26,27
DA:27,27
DA:28,7
DA:29,20
DA:33,32
DA:35,32
DA:52,32
DA:70,15
DA:78,12
DA:93,1
LF:20
LH:20
BRDA:27,0,0,7
BRDA:27,0,1,20
BRDA:27,1,0,27
BRDA:27,1,1,19
BRF:4
BRH:4
end_of_record
TN:
SF:src/pages/Wallet.js
FN:10,(anonymous_0)
FNF:1
FNH:1
FNDA:6,(anonymous_0)
DA:12,6
DA:28,6
LF:2
LH:2
BRF:0
BRH:0
end_of_record
TN:
SF:src/redux/actions/index.js
FN:1,(anonymous_0)
FN:6,(anonymous_1)
FN:11,(anonymous_2)
FN:16,(anonymous_3)
FN:21,(anonymous_4)
FN:26,(anonymous_5)
FN:31,(anonymous_6)
FN:31,(anonymous_7)
FN:36,(anonymous_8)
FN:40,(anonymous_9)
FN:40,(anonymous_10)
FNF:11
FNH:11
FNDA:1,(anonymous_0)
FNDA:2,(anonymous_1)
FNDA:5,(anonymous_2)
FNDA:1,(anonymous_3)
FNDA:1,(anonymous_4)
FNDA:1,(anonymous_5)
FNDA:6,(anonymous_6)
FNDA:6,(anonymous_7)
FNDA:80,(anonymous_8)
FNDA:4,(anonymous_9)
FNDA:4,(anonymous_10)
DA:1,2
DA:6,2
DA:11,5
DA:16,2
DA:21,2
DA:26,2
DA:31,6
DA:32,6
DA:33,6
DA:34,5
DA:35,5
DA:36,80
DA:37,5
DA:40,4
DA:41,4
DA:42,4
DA:43,3
DA:44,2
DA:45,2
LF:19
LH:19
BRF:0
BRH:0
end_of_record
TN:
SF:src/redux/reducers/index.js
FNF:0
FNH:0
DA:9,2
LF:1
LH:1
BRF:0
BRH:0
end_of_record
TN:
SF:src/redux/reducers/user.js
FN:7,(anonymous_0)
FNF:1
FNH:1
FNDA:25,(anonymous_0)
DA:3,2
DA:7,2
DA:8,25
DA:10,1
DA:15,24
LF:5
LH:5
BRDA:7,0,0,14
BRDA:8,1,0,1
BRDA:8,1,1,24
BRF:3
BRH:3
end_of_record
TN:
SF:src/redux/reducers/wallet.js
FN:10,(anonymous_0)
FN:10,(anonymous_1)
FN:12,(anonymous_2)
FN:22,(anonymous_3)
FN:36,(anonymous_4)
FNF:5
FNH:4
FNDA:1,(anonymous_0)
FNDA:0,(anonymous_1)
FNDA:25,(anonymous_2)
FNDA:1,(anonymous_3)
FNDA:1,(anonymous_4)
DA:3,2
DA:10,2
DA:12,2
DA:13,25
DA:15,2
DA:20,1
DA:22,1
DA:25,1
DA:31,1
DA:36,1
DA:40,5
DA:45,15
LF:12
LH:12
BRDA:12,0,0,14
BRDA:13,1,0,2
BRDA:13,1,1,1
BRDA:13,1,2,1
BRDA:13,1,3,1
BRDA:13,1,4,5
BRDA:13,1,5,15
BRF:7
BRH:7
end_of_record
